2023-07-09 17:30:33,106 INFO [restartedMain] c.w.W.WealthShrimpleApplication [StartupInfoLogger.java:55] Starting WealthShrimpleApplication using Java 1.8.0_333 on Franklins-Air with PID 17568 (/Users/frankchen/eclipse-workspace/WealthShrimple/target/classes started by frankchen in /Users/frankchen/eclipse-workspace/WealthShrimple)
2023-07-09 17:30:33,115 INFO [restartedMain] c.w.W.WealthShrimpleApplication [SpringApplication.java:631] No active profile set, falling back to 1 default profile: "default"
2023-07-09 17:30:33,634 INFO [restartedMain] o.s.d.r.c.RepositoryConfigurationDelegate [RepositoryConfigurationDelegate.java:132] Bootstrapping Spring Data JPA repositories in DEFAULT mode.
2023-07-09 17:30:33,670 INFO [restartedMain] o.s.d.r.c.RepositoryConfigurationDelegate [RepositoryConfigurationDelegate.java:201] Finished Spring Data repository scanning in 32 ms. Found 2 JPA repository interfaces.
2023-07-09 17:30:34,097 INFO [restartedMain] o.s.b.w.e.t.TomcatWebServer [TomcatWebServer.java:108] Tomcat initialized with port(s): 8080 (http)
2023-07-09 17:30:34,106 INFO [restartedMain] o.a.c.c.StandardService [DirectJDKLog.java:173] Starting service [Tomcat]
2023-07-09 17:30:34,108 INFO [restartedMain] o.a.c.c.StandardEngine [DirectJDKLog.java:173] Starting Servlet engine: [Apache Tomcat/9.0.76]
2023-07-09 17:30:34,130 INFO [restartedMain] o.a.c.c.C.[.[.[/] [DirectJDKLog.java:173] Initializing Spring embedded WebApplicationContext
2023-07-09 17:30:34,130 INFO [restartedMain] o.s.b.w.s.c.ServletWebServerApplicationContext [ServletWebServerApplicationContext.java:292] Root WebApplicationContext: initialization completed in 992 ms
2023-07-09 17:30:34,440 INFO [restartedMain] c.z.h.HikariDataSource [HikariDataSource.java:110] HikariPool-2 - Starting...
2023-07-09 17:30:34,583 INFO [restartedMain] c.z.h.HikariDataSource [HikariDataSource.java:123] HikariPool-2 - Start completed.
2023-07-09 17:30:34,604 INFO [restartedMain] o.h.j.i.u.LogHelper [LogHelper.java:31] HHH000204: Processing PersistenceUnitInfo [name: default]
2023-07-09 17:30:34,616 INFO [restartedMain] o.h.d.Dialect [Dialect.java:175] HHH000400: Using dialect: org.hibernate.dialect.MySQL8Dialect
2023-07-09 17:30:34,868 INFO [restartedMain] o.h.e.t.j.p.i.JtaPlatformInitiator [JtaPlatformInitiator.java:52] HHH000490: Using JtaPlatform implementation: [org.hibernate.engine.transaction.jta.platform.internal.NoJtaPlatform]
2023-07-09 17:30:34,871 INFO [restartedMain] o.s.o.j.LocalContainerEntityManagerFactoryBean [AbstractEntityManagerFactoryBean.java:437] Initialized JPA EntityManagerFactory for persistence unit 'default'
2023-07-09 17:30:35,210 WARN [restartedMain] o.s.b.a.o.j.JpaBaseConfiguration$JpaWebConfiguration [JpaBaseConfiguration.java:223] spring.jpa.open-in-view is enabled by default. Therefore, database queries may be performed during view rendering. Explicitly configure spring.jpa.open-in-view to disable this warning
2023-07-09 17:30:35,540 INFO [restartedMain] o.s.b.d.a.OptionalLiveReloadServer [OptionalLiveReloadServer.java:59] LiveReload server is running on port 35729
2023-07-09 17:30:35,574 INFO [restartedMain] o.s.b.w.e.t.TomcatWebServer [TomcatWebServer.java:220] Tomcat started on port(s): 8080 (http) with context path ''
2023-07-09 17:30:35,592 INFO [restartedMain] c.w.W.WealthShrimpleApplication [StartupInfoLogger.java:61] Started WealthShrimpleApplication in 2.77 seconds (JVM running for 413.139)
2023-07-09 17:30:35,618 INFO [restartedMain] o.s.b.d.a.ConditionEvaluationDeltaLoggingListener [ConditionEvaluationDeltaLoggingListener.java:63] Condition evaluation unchanged
2023-07-09 17:34:18,467 INFO [File Watcher] o.s.b.d.a.LocalDevToolsAutoConfiguration$RestartingClassPathChangeChangedEventListener [LocalDevToolsAutoConfiguration.java:211] Restarting due to 1 class path change (0 additions, 0 deletions, 1 modification)
2023-07-09 17:34:18,494 INFO [Thread-8] o.a.c.c.StandardService [DirectJDKLog.java:173] Stopping service [Tomcat]
2023-07-09 17:34:18,550 INFO [Thread-8] o.s.o.j.LocalContainerEntityManagerFactoryBean [AbstractEntityManagerFactoryBean.java:651] Closing JPA EntityManagerFactory for persistence unit 'default'
2023-07-09 17:34:18,555 INFO [Thread-8] c.z.h.HikariDataSource [HikariDataSource.java:350] HikariPool-2 - Shutdown initiated...
2023-07-09 17:34:18,577 INFO [Thread-8] c.z.h.HikariDataSource [HikariDataSource.java:352] HikariPool-2 - Shutdown completed.
