2024-01-02 19:49:59,948 INFO [main] o.s.b.t.c.SpringBootTestContextBootstrapper [AbstractTestContextBootstrapper.java:305] Neither @ContextConfiguration nor @ContextHierarchy found for test class [com.wealthshrimple.WealthShrimple.WealthShrimpleApplicationTests], using SpringBootContextLoader
2024-01-02 19:49:59,952 INFO [main] o.s.t.c.s.AbstractContextLoader [AbstractContextLoader.java:264] Could not detect default resource locations for test class [com.wealthshrimple.WealthShrimple.WealthShrimpleApplicationTests]: no resource found for suffixes {-context.xml, Context.groovy}.
2024-01-02 19:49:59,952 INFO [main] o.s.t.c.s.AnnotationConfigContextLoaderUtils [AnnotationConfigContextLoaderUtils.java:83] Could not detect default configuration classes for test class [com.wealthshrimple.WealthShrimple.WealthShrimpleApplicationTests]: WealthShrimpleApplicationTests does not declare any static, non-private, non-final, nested classes annotated with @Configuration.
2024-01-02 19:50:00,006 INFO [main] o.s.b.t.c.SpringBootTestContextBootstrapper [SpringBootTestContextBootstrapper.java:239] Found @SpringBootConfiguration com.wealthshrimple.WealthShrimple.WealthShrimpleApplication for test class com.wealthshrimple.WealthShrimple.WealthShrimpleApplicationTests
2024-01-02 19:50:00,057 INFO [main] o.s.b.t.c.SpringBootTestContextBootstrapper [AbstractTestContextBootstrapper.java:245] Loaded default TestExecutionListener class names from location [META-INF/spring.factories]: [org.springframework.boot.test.mock.mockito.MockitoTestExecutionListener, org.springframework.boot.test.mock.mockito.ResetMocksTestExecutionListener, org.springframework.boot.test.autoconfigure.restdocs.RestDocsTestExecutionListener, org.springframework.boot.test.autoconfigure.web.client.MockRestServiceServerResetTestExecutionListener, org.springframework.boot.test.autoconfigure.web.servlet.MockMvcPrintOnlyOnFailureTestExecutionListener, org.springframework.boot.test.autoconfigure.web.servlet.WebDriverTestExecutionListener, org.springframework.boot.test.autoconfigure.webservices.client.MockWebServiceServerTestExecutionListener, org.springframework.test.context.web.ServletTestExecutionListener, org.springframework.test.context.support.DirtiesContextBeforeModesTestExecutionListener, org.springframework.test.context.event.ApplicationEventsTestExecutionListener, org.springframework.test.context.support.DependencyInjectionTestExecutionListener, org.springframework.test.context.support.DirtiesContextTestExecutionListener, org.springframework.test.context.transaction.TransactionalTestExecutionListener, org.springframework.test.context.jdbc.SqlScriptsTestExecutionListener, org.springframework.test.context.event.EventPublishingTestExecutionListener]
2024-01-02 19:50:00,068 INFO [main] o.s.b.t.c.SpringBootTestContextBootstrapper [AbstractTestContextBootstrapper.java:174] Using TestExecutionListeners: [org.springframework.test.context.web.ServletTestExecutionListener@76a36b71, org.springframework.test.context.support.DirtiesContextBeforeModesTestExecutionListener@184497d1, org.springframework.test.context.event.ApplicationEventsTestExecutionListener@f9d87b, org.springframework.boot.test.mock.mockito.MockitoTestExecutionListener@6ffab045, org.springframework.boot.test.autoconfigure.SpringBootDependencyInjectionTestExecutionListener@26fb628, org.springframework.test.context.support.DirtiesContextTestExecutionListener@3e2943ab, org.springframework.test.context.transaction.TransactionalTestExecutionListener@70dd7e15, org.springframework.test.context.jdbc.SqlScriptsTestExecutionListener@4a9f80d3, org.springframework.test.context.event.EventPublishingTestExecutionListener@35beb15e, org.springframework.boot.test.mock.mockito.ResetMocksTestExecutionListener@41fe9859, org.springframework.boot.test.autoconfigure.restdocs.RestDocsTestExecutionListener@5ac86ba5, org.springframework.boot.test.autoconfigure.web.client.MockRestServiceServerResetTestExecutionListener@6c67e137, org.springframework.boot.test.autoconfigure.web.servlet.MockMvcPrintOnlyOnFailureTestExecutionListener@2c9399a4, org.springframework.boot.test.autoconfigure.web.servlet.WebDriverTestExecutionListener@191ae03f, org.springframework.boot.test.autoconfigure.webservices.client.MockWebServiceServerTestExecutionListener@9635fa]
2024-01-02 19:50:00,279 INFO [main] c.w.W.WealthShrimpleApplicationTests [StartupInfoLogger.java:55] Starting WealthShrimpleApplicationTests using Java 11.0.21 on Ruiapple123 with PID 6848 (started by ruichen in /Users/ruichen/eclipse-workspace/WealthShrimple)
2024-01-02 19:50:00,280 INFO [main] c.w.W.WealthShrimpleApplicationTests [SpringApplication.java:631] No active profile set, falling back to 1 default profile: "default"
2024-01-02 19:50:00,283 INFO [background-preinit] o.h.v.i.u.Version [Version.java:21] HV000001: Hibernate Validator 6.2.5.Final
2024-01-02 19:50:00,742 INFO [main] o.s.d.r.c.RepositoryConfigurationDelegate [RepositoryConfigurationDelegate.java:132] Bootstrapping Spring Data JPA repositories in DEFAULT mode.
2024-01-02 19:50:00,771 INFO [main] o.s.d.r.c.RepositoryConfigurationDelegate [RepositoryConfigurationDelegate.java:201] Finished Spring Data repository scanning in 22 ms. Found 3 JPA repository interfaces.
2024-01-02 19:50:01,129 INFO [main] c.z.h.HikariDataSource [HikariDataSource.java:110] HikariPool-1 - Starting...
2024-01-02 19:50:01,839 INFO [main] c.z.h.HikariDataSource [HikariDataSource.java:123] HikariPool-1 - Start completed.
2024-01-02 19:50:01,879 INFO [main] o.h.j.i.u.LogHelper [LogHelper.java:31] HHH000204: Processing PersistenceUnitInfo [name: default]
2024-01-02 19:50:01,908 INFO [main] o.h.Version [Version.java:44] HHH000412: Hibernate ORM core version 5.6.15.Final
2024-01-02 19:50:01,990 INFO [main] o.h.a.c.Version [JavaReflectionManager.java:56] HCANN000001: Hibernate Commons Annotations {5.1.2.Final}
2024-01-02 19:50:02,060 INFO [main] o.h.d.Dialect [Dialect.java:175] HHH000400: Using dialect: org.hibernate.dialect.MySQL8Dialect
2024-01-02 19:50:02,402 INFO [main] o.h.e.t.j.p.i.JtaPlatformInitiator [JtaPlatformInitiator.java:52] HHH000490: Using JtaPlatform implementation: [org.hibernate.engine.transaction.jta.platform.internal.NoJtaPlatform]
2024-01-02 19:50:02,407 INFO [main] o.s.o.j.LocalContainerEntityManagerFactoryBean [AbstractEntityManagerFactoryBean.java:437] Initialized JPA EntityManagerFactory for persistence unit 'default'
2024-01-02 19:50:02,818 WARN [main] o.s.b.a.o.j.JpaBaseConfiguration$JpaWebConfiguration [JpaBaseConfiguration.java:223] spring.jpa.open-in-view is enabled by default. Therefore, database queries may be performed during view rendering. Explicitly configure spring.jpa.open-in-view to disable this warning
2024-01-02 19:50:03,043 INFO [main] o.s.s.w.DefaultSecurityFilterChain [DefaultSecurityFilterChain.java:55] Will secure any request with [org.springframework.security.web.session.DisableEncodeUrlFilter@509e4d53, org.springframework.security.web.context.request.async.WebAsyncManagerIntegrationFilter@6f915016, org.springframework.security.web.context.SecurityContextPersistenceFilter@437a4e61, org.springframework.security.web.header.HeaderWriterFilter@3fc105dd, org.springframework.web.filter.CorsFilter@52d9a150, org.springframework.security.web.csrf.CsrfFilter@6cb1da13, org.springframework.security.web.authentication.logout.LogoutFilter@7cd239f6, org.springframework.security.oauth2.server.resource.web.BearerTokenAuthenticationFilter@3ce4b0a8, org.springframework.security.web.savedrequest.RequestCacheAwareFilter@61c98f5, org.springframework.security.web.servletapi.SecurityContextHolderAwareRequestFilter@3181fbe7, org.springframework.security.web.authentication.AnonymousAuthenticationFilter@533165e7, org.springframework.security.web.session.SessionManagementFilter@55b7f0d, org.springframework.security.web.access.ExceptionTranslationFilter@4848681d, org.springframework.security.web.access.intercept.AuthorizationFilter@184e5c44]
2024-01-02 19:50:03,506 INFO [main] c.w.W.WealthShrimpleApplicationTests [StartupInfoLogger.java:61] Started WealthShrimpleApplicationTests in 3.411 seconds (JVM running for 3.923)
2024-01-02 19:50:03,588 INFO [SpringApplicationShutdownHook] o.s.o.j.LocalContainerEntityManagerFactoryBean [AbstractEntityManagerFactoryBean.java:651] Closing JPA EntityManagerFactory for persistence unit 'default'
2024-01-02 19:50:03,590 INFO [SpringApplicationShutdownHook] c.z.h.HikariDataSource [HikariDataSource.java:350] HikariPool-1 - Shutdown initiated...
2024-01-02 19:50:04,145 INFO [SpringApplicationShutdownHook] c.z.h.HikariDataSource [HikariDataSource.java:352] HikariPool-1 - Shutdown completed.
2024-01-02 20:20:11,824 INFO [background-preinit] o.h.v.i.u.Version [Version.java:21] HV000001: Hibernate Validator 6.2.5.Final
2024-01-02 20:20:11,832 INFO [restartedMain] c.w.W.WealthShrimpleApplication [StartupInfoLogger.java:55] Starting WealthShrimpleApplication using Java 11.0.21 on Ruiapple123 with PID 7118 (/Users/ruichen/eclipse-workspace/WealthShrimple/target/classes started by ruichen in /Users/ruichen/eclipse-workspace/WealthShrimple)
2024-01-02 20:20:11,833 INFO [restartedMain] c.w.W.WealthShrimpleApplication [SpringApplication.java:631] No active profile set, falling back to 1 default profile: "default"
2024-01-02 20:20:11,870 INFO [restartedMain] o.s.b.d.e.DevToolsPropertyDefaultsPostProcessor [DeferredLog.java:255] Devtools property defaults active! Set 'spring.devtools.add-properties' to 'false' to disable
2024-01-02 20:20:11,871 INFO [restartedMain] o.s.b.d.e.DevToolsPropertyDefaultsPostProcessor [DeferredLog.java:255] For additional web related logging consider setting the 'logging.level.web' property to 'DEBUG'
2024-01-02 20:20:12,340 INFO [restartedMain] o.s.d.r.c.RepositoryConfigurationDelegate [RepositoryConfigurationDelegate.java:132] Bootstrapping Spring Data JPA repositories in DEFAULT mode.
2024-01-02 20:20:12,364 INFO [restartedMain] o.s.d.r.c.RepositoryConfigurationDelegate [RepositoryConfigurationDelegate.java:201] Finished Spring Data repository scanning in 20 ms. Found 3 JPA repository interfaces.
2024-01-02 20:20:12,773 INFO [restartedMain] o.s.b.w.e.t.TomcatWebServer [TomcatWebServer.java:108] Tomcat initialized with port(s): 8080 (http)
2024-01-02 20:20:12,778 INFO [restartedMain] o.a.c.h.Http11NioProtocol [DirectJDKLog.java:173] Initializing ProtocolHandler ["http-nio-8080"]
2024-01-02 20:20:12,779 INFO [restartedMain] o.a.c.c.StandardService [DirectJDKLog.java:173] Starting service [Tomcat]
2024-01-02 20:20:12,779 INFO [restartedMain] o.a.c.c.StandardEngine [DirectJDKLog.java:173] Starting Servlet engine: [Apache Tomcat/9.0.78]
2024-01-02 20:20:12,817 INFO [restartedMain] o.a.c.c.C.[.[.[/] [DirectJDKLog.java:173] Initializing Spring embedded WebApplicationContext
2024-01-02 20:20:12,817 INFO [restartedMain] o.s.b.w.s.c.ServletWebServerApplicationContext [ServletWebServerApplicationContext.java:292] Root WebApplicationContext: initialization completed in 946 ms
2024-01-02 20:20:12,903 INFO [restartedMain] c.z.h.HikariDataSource [HikariDataSource.java:110] HikariPool-1 - Starting...
2024-01-02 20:20:13,544 INFO [restartedMain] c.z.h.HikariDataSource [HikariDataSource.java:123] HikariPool-1 - Start completed.
2024-01-02 20:20:13,586 INFO [restartedMain] o.h.j.i.u.LogHelper [LogHelper.java:31] HHH000204: Processing PersistenceUnitInfo [name: default]
2024-01-02 20:20:13,615 INFO [restartedMain] o.h.Version [Version.java:44] HHH000412: Hibernate ORM core version 5.6.15.Final
2024-01-02 20:20:13,696 INFO [restartedMain] o.h.a.c.Version [JavaReflectionManager.java:56] HCANN000001: Hibernate Commons Annotations {5.1.2.Final}
2024-01-02 20:20:13,760 INFO [restartedMain] o.h.d.Dialect [Dialect.java:175] HHH000400: Using dialect: org.hibernate.dialect.MySQL8Dialect
2024-01-02 20:20:14,106 INFO [restartedMain] o.h.e.t.j.p.i.JtaPlatformInitiator [JtaPlatformInitiator.java:52] HHH000490: Using JtaPlatform implementation: [org.hibernate.engine.transaction.jta.platform.internal.NoJtaPlatform]
2024-01-02 20:20:14,111 INFO [restartedMain] o.s.o.j.LocalContainerEntityManagerFactoryBean [AbstractEntityManagerFactoryBean.java:437] Initialized JPA EntityManagerFactory for persistence unit 'default'
2024-01-02 20:20:14,458 WARN [restartedMain] o.s.b.a.o.j.JpaBaseConfiguration$JpaWebConfiguration [JpaBaseConfiguration.java:223] spring.jpa.open-in-view is enabled by default. Therefore, database queries may be performed during view rendering. Explicitly configure spring.jpa.open-in-view to disable this warning
2024-01-02 20:20:14,602 INFO [restartedMain] o.s.s.w.DefaultSecurityFilterChain [DefaultSecurityFilterChain.java:55] Will secure any request with [org.springframework.security.web.session.DisableEncodeUrlFilter@5edabc5b, org.springframework.security.web.context.request.async.WebAsyncManagerIntegrationFilter@105acb10, org.springframework.security.web.context.SecurityContextPersistenceFilter@794aa87d, org.springframework.security.web.header.HeaderWriterFilter@1bcb5ab5, org.springframework.web.filter.CorsFilter@690ea015, org.springframework.security.web.csrf.CsrfFilter@7772b065, org.springframework.security.web.authentication.logout.LogoutFilter@179de8ee, org.springframework.security.oauth2.server.resource.web.BearerTokenAuthenticationFilter@24ae17c2, org.springframework.security.web.savedrequest.RequestCacheAwareFilter@7719b854, org.springframework.security.web.servletapi.SecurityContextHolderAwareRequestFilter@57c9016e, org.springframework.security.web.authentication.AnonymousAuthenticationFilter@449edede, org.springframework.security.web.session.SessionManagementFilter@5a0dd433, org.springframework.security.web.access.ExceptionTranslationFilter@22086874, org.springframework.security.web.access.intercept.AuthorizationFilter@6525eabd]
2024-01-02 20:20:14,683 INFO [restartedMain] o.s.b.d.a.OptionalLiveReloadServer [OptionalLiveReloadServer.java:59] LiveReload server is running on port 35729
2024-01-02 20:20:14,786 INFO [restartedMain] o.a.c.h.Http11NioProtocol [DirectJDKLog.java:173] Starting ProtocolHandler ["http-nio-8080"]
2024-01-02 20:20:14,795 INFO [restartedMain] o.s.b.w.e.t.TomcatWebServer [TomcatWebServer.java:220] Tomcat started on port(s): 8080 (http) with context path ''
2024-01-02 20:20:14,933 INFO [restartedMain] c.w.W.WealthShrimpleApplication [StartupInfoLogger.java:61] Started WealthShrimpleApplication in 3.312 seconds (JVM running for 3.688)
2024-01-02 20:24:14,947 INFO [http-nio-8080-exec-1] o.a.c.c.C.[.[.[/] [DirectJDKLog.java:173] Initializing Spring DispatcherServlet 'dispatcherServlet'
2024-01-02 20:24:14,947 INFO [http-nio-8080-exec-1] o.s.w.s.DispatcherServlet [FrameworkServlet.java:525] Initializing Servlet 'dispatcherServlet'
2024-01-02 20:24:14,949 INFO [http-nio-8080-exec-1] o.s.w.s.DispatcherServlet [FrameworkServlet.java:547] Completed initialization in 1 ms
2024-01-02 20:34:03,405 INFO [background-preinit] o.h.v.i.u.Version [Version.java:21] HV000001: Hibernate Validator 6.2.5.Final
2024-01-02 20:34:03,411 INFO [restartedMain] c.w.W.WealthShrimpleApplication [StartupInfoLogger.java:55] Starting WealthShrimpleApplication using Java 11.0.21 on Ruiapple123 with PID 7297 (/Users/ruichen/eclipse-workspace/WealthShrimple/target/classes started by ruichen in /Users/ruichen/eclipse-workspace/WealthShrimple)
2024-01-02 20:34:03,411 INFO [restartedMain] c.w.W.WealthShrimpleApplication [SpringApplication.java:631] No active profile set, falling back to 1 default profile: "default"
2024-01-02 20:34:03,444 INFO [restartedMain] o.s.b.d.e.DevToolsPropertyDefaultsPostProcessor [DeferredLog.java:255] Devtools property defaults active! Set 'spring.devtools.add-properties' to 'false' to disable
2024-01-02 20:34:03,445 INFO [restartedMain] o.s.b.d.e.DevToolsPropertyDefaultsPostProcessor [DeferredLog.java:255] For additional web related logging consider setting the 'logging.level.web' property to 'DEBUG'
2024-01-02 20:34:03,899 INFO [restartedMain] o.s.d.r.c.RepositoryConfigurationDelegate [RepositoryConfigurationDelegate.java:132] Bootstrapping Spring Data JPA repositories in DEFAULT mode.
2024-01-02 20:34:03,924 INFO [restartedMain] o.s.d.r.c.RepositoryConfigurationDelegate [RepositoryConfigurationDelegate.java:201] Finished Spring Data repository scanning in 21 ms. Found 3 JPA repository interfaces.
2024-01-02 20:34:04,329 INFO [restartedMain] o.s.b.w.e.t.TomcatWebServer [TomcatWebServer.java:108] Tomcat initialized with port(s): 8080 (http)
2024-01-02 20:34:04,334 INFO [restartedMain] o.a.c.h.Http11NioProtocol [DirectJDKLog.java:173] Initializing ProtocolHandler ["http-nio-8080"]
2024-01-02 20:34:04,335 INFO [restartedMain] o.a.c.c.StandardService [DirectJDKLog.java:173] Starting service [Tomcat]
2024-01-02 20:34:04,335 INFO [restartedMain] o.a.c.c.StandardEngine [DirectJDKLog.java:173] Starting Servlet engine: [Apache Tomcat/9.0.78]
2024-01-02 20:34:04,372 INFO [restartedMain] o.a.c.c.C.[.[.[/] [DirectJDKLog.java:173] Initializing Spring embedded WebApplicationContext
2024-01-02 20:34:04,372 INFO [restartedMain] o.s.b.w.s.c.ServletWebServerApplicationContext [ServletWebServerApplicationContext.java:292] Root WebApplicationContext: initialization completed in 927 ms
2024-01-02 20:34:04,454 INFO [restartedMain] c.z.h.HikariDataSource [HikariDataSource.java:110] HikariPool-1 - Starting...
2024-01-02 20:34:05,177 INFO [restartedMain] c.z.h.HikariDataSource [HikariDataSource.java:123] HikariPool-1 - Start completed.
2024-01-02 20:34:05,222 INFO [restartedMain] o.h.j.i.u.LogHelper [LogHelper.java:31] HHH000204: Processing PersistenceUnitInfo [name: default]
2024-01-02 20:34:05,249 INFO [restartedMain] o.h.Version [Version.java:44] HHH000412: Hibernate ORM core version 5.6.15.Final
2024-01-02 20:34:05,325 INFO [restartedMain] o.h.a.c.Version [JavaReflectionManager.java:56] HCANN000001: Hibernate Commons Annotations {5.1.2.Final}
2024-01-02 20:34:05,382 INFO [restartedMain] o.h.d.Dialect [Dialect.java:175] HHH000400: Using dialect: org.hibernate.dialect.MySQL8Dialect
2024-01-02 20:34:05,718 INFO [restartedMain] o.h.e.t.j.p.i.JtaPlatformInitiator [JtaPlatformInitiator.java:52] HHH000490: Using JtaPlatform implementation: [org.hibernate.engine.transaction.jta.platform.internal.NoJtaPlatform]
2024-01-02 20:34:05,723 INFO [restartedMain] o.s.o.j.LocalContainerEntityManagerFactoryBean [AbstractEntityManagerFactoryBean.java:437] Initialized JPA EntityManagerFactory for persistence unit 'default'
2024-01-02 20:34:06,066 WARN [restartedMain] o.s.b.a.o.j.JpaBaseConfiguration$JpaWebConfiguration [JpaBaseConfiguration.java:223] spring.jpa.open-in-view is enabled by default. Therefore, database queries may be performed during view rendering. Explicitly configure spring.jpa.open-in-view to disable this warning
2024-01-02 20:34:06,207 INFO [restartedMain] o.s.s.w.DefaultSecurityFilterChain [DefaultSecurityFilterChain.java:55] Will secure any request with [org.springframework.security.web.session.DisableEncodeUrlFilter@4f515b92, org.springframework.security.web.context.request.async.WebAsyncManagerIntegrationFilter@16774633, org.springframework.security.web.context.SecurityContextPersistenceFilter@55ddbdb8, org.springframework.security.web.header.HeaderWriterFilter@1b53b292, org.springframework.web.filter.CorsFilter@20d11ac9, org.springframework.security.web.csrf.CsrfFilter@4485a917, org.springframework.security.web.authentication.logout.LogoutFilter@5627fed4, org.springframework.security.oauth2.server.resource.web.BearerTokenAuthenticationFilter@1f43fbbd, org.springframework.security.web.savedrequest.RequestCacheAwareFilter@d432ae1, org.springframework.security.web.servletapi.SecurityContextHolderAwareRequestFilter@28af895d, org.springframework.security.web.authentication.AnonymousAuthenticationFilter@1669d953, org.springframework.security.web.session.SessionManagementFilter@3e3c0f66, org.springframework.security.web.access.ExceptionTranslationFilter@76227b30, org.springframework.security.web.access.intercept.AuthorizationFilter@d83f22c]
2024-01-02 20:34:06,279 WARN [restartedMain] o.s.b.d.a.OptionalLiveReloadServer [OptionalLiveReloadServer.java:62] Unable to start LiveReload server
2024-01-02 20:34:06,381 INFO [restartedMain] o.a.c.h.Http11NioProtocol [DirectJDKLog.java:173] Starting ProtocolHandler ["http-nio-8080"]
2024-01-02 20:34:06,385 WARN [restartedMain] o.s.b.w.s.c.AnnotationConfigServletWebServerApplicationContext [AbstractApplicationContext.java:591] Exception encountered during context initialization - cancelling refresh attempt: org.springframework.context.ApplicationContextException: Failed to start bean 'webServerStartStop'; nested exception is org.springframework.boot.web.server.PortInUseException: Port 8080 is already in use
2024-01-02 20:34:06,388 INFO [restartedMain] o.s.o.j.LocalContainerEntityManagerFactoryBean [AbstractEntityManagerFactoryBean.java:651] Closing JPA EntityManagerFactory for persistence unit 'default'
2024-01-02 20:34:06,390 INFO [restartedMain] c.z.h.HikariDataSource [HikariDataSource.java:350] HikariPool-1 - Shutdown initiated...
2024-01-02 20:34:06,562 INFO [restartedMain] c.z.h.HikariDataSource [HikariDataSource.java:352] HikariPool-1 - Shutdown completed.
2024-01-02 20:34:06,564 INFO [restartedMain] o.a.c.h.Http11NioProtocol [DirectJDKLog.java:173] Pausing ProtocolHandler ["http-nio-8080"]
2024-01-02 20:34:06,564 INFO [restartedMain] o.a.c.c.StandardService [DirectJDKLog.java:173] Stopping service [Tomcat]
2024-01-02 20:34:06,566 INFO [restartedMain] o.a.c.h.Http11NioProtocol [DirectJDKLog.java:173] Stopping ProtocolHandler ["http-nio-8080"]
2024-01-02 20:34:06,566 INFO [restartedMain] o.a.c.h.Http11NioProtocol [DirectJDKLog.java:173] Destroying ProtocolHandler ["http-nio-8080"]
2024-01-02 20:34:06,571 INFO [restartedMain] o.s.b.a.l.ConditionEvaluationReportLoggingListener [ConditionEvaluationReportLoggingListener.java:136] 

Error starting ApplicationContext. To display the conditions report re-run your application with 'debug' enabled.
2024-01-02 20:34:06,583 ERROR [restartedMain] o.s.b.d.LoggingFailureAnalysisReporter [LoggingFailureAnalysisReporter.java:40] 

***************************
APPLICATION FAILED TO START
***************************

Description:

Web server failed to start. Port 8080 was already in use.

Action:

Identify and stop the process that's listening on port 8080 or configure this application to listen on another port.

2024-01-02 20:34:11,266 INFO [SpringApplicationShutdownHook] o.s.o.j.LocalContainerEntityManagerFactoryBean [AbstractEntityManagerFactoryBean.java:651] Closing JPA EntityManagerFactory for persistence unit 'default'
2024-01-02 20:34:11,269 INFO [SpringApplicationShutdownHook] c.z.h.HikariDataSource [HikariDataSource.java:350] HikariPool-1 - Shutdown initiated...
2024-01-02 20:34:11,662 INFO [SpringApplicationShutdownHook] c.z.h.HikariDataSource [HikariDataSource.java:352] HikariPool-1 - Shutdown completed.
2024-01-02 20:34:16,412 INFO [background-preinit] o.h.v.i.u.Version [Version.java:21] HV000001: Hibernate Validator 6.2.5.Final
2024-01-02 20:34:16,418 INFO [restartedMain] c.w.W.WealthShrimpleApplication [StartupInfoLogger.java:55] Starting WealthShrimpleApplication using Java 11.0.21 on Ruiapple123 with PID 7301 (/Users/ruichen/eclipse-workspace/WealthShrimple/target/classes started by ruichen in /Users/ruichen/eclipse-workspace/WealthShrimple)
2024-01-02 20:34:16,419 INFO [restartedMain] c.w.W.WealthShrimpleApplication [SpringApplication.java:631] No active profile set, falling back to 1 default profile: "default"
2024-01-02 20:34:16,452 INFO [restartedMain] o.s.b.d.e.DevToolsPropertyDefaultsPostProcessor [DeferredLog.java:255] Devtools property defaults active! Set 'spring.devtools.add-properties' to 'false' to disable
2024-01-02 20:34:16,452 INFO [restartedMain] o.s.b.d.e.DevToolsPropertyDefaultsPostProcessor [DeferredLog.java:255] For additional web related logging consider setting the 'logging.level.web' property to 'DEBUG'
2024-01-02 20:34:16,901 INFO [restartedMain] o.s.d.r.c.RepositoryConfigurationDelegate [RepositoryConfigurationDelegate.java:132] Bootstrapping Spring Data JPA repositories in DEFAULT mode.
2024-01-02 20:34:16,929 INFO [restartedMain] o.s.d.r.c.RepositoryConfigurationDelegate [RepositoryConfigurationDelegate.java:201] Finished Spring Data repository scanning in 24 ms. Found 3 JPA repository interfaces.
2024-01-02 20:34:17,366 INFO [restartedMain] o.s.b.w.e.t.TomcatWebServer [TomcatWebServer.java:108] Tomcat initialized with port(s): 8080 (http)
2024-01-02 20:34:17,370 INFO [restartedMain] o.a.c.h.Http11NioProtocol [DirectJDKLog.java:173] Initializing ProtocolHandler ["http-nio-8080"]
2024-01-02 20:34:17,372 INFO [restartedMain] o.a.c.c.StandardService [DirectJDKLog.java:173] Starting service [Tomcat]
2024-01-02 20:34:17,372 INFO [restartedMain] o.a.c.c.StandardEngine [DirectJDKLog.java:173] Starting Servlet engine: [Apache Tomcat/9.0.78]
2024-01-02 20:34:17,411 INFO [restartedMain] o.a.c.c.C.[.[.[/] [DirectJDKLog.java:173] Initializing Spring embedded WebApplicationContext
2024-01-02 20:34:17,411 INFO [restartedMain] o.s.b.w.s.c.ServletWebServerApplicationContext [ServletWebServerApplicationContext.java:292] Root WebApplicationContext: initialization completed in 958 ms
2024-01-02 20:34:17,508 INFO [restartedMain] c.z.h.HikariDataSource [HikariDataSource.java:110] HikariPool-1 - Starting...
2024-01-02 20:34:18,177 INFO [restartedMain] c.z.h.HikariDataSource [HikariDataSource.java:123] HikariPool-1 - Start completed.
2024-01-02 20:34:18,219 INFO [restartedMain] o.h.j.i.u.LogHelper [LogHelper.java:31] HHH000204: Processing PersistenceUnitInfo [name: default]
2024-01-02 20:34:18,242 INFO [restartedMain] o.h.Version [Version.java:44] HHH000412: Hibernate ORM core version 5.6.15.Final
2024-01-02 20:34:18,312 INFO [restartedMain] o.h.a.c.Version [JavaReflectionManager.java:56] HCANN000001: Hibernate Commons Annotations {5.1.2.Final}
2024-01-02 20:34:18,365 INFO [restartedMain] o.h.d.Dialect [Dialect.java:175] HHH000400: Using dialect: org.hibernate.dialect.MySQL8Dialect
2024-01-02 20:34:18,671 INFO [restartedMain] o.h.e.t.j.p.i.JtaPlatformInitiator [JtaPlatformInitiator.java:52] HHH000490: Using JtaPlatform implementation: [org.hibernate.engine.transaction.jta.platform.internal.NoJtaPlatform]
2024-01-02 20:34:18,676 INFO [restartedMain] o.s.o.j.LocalContainerEntityManagerFactoryBean [AbstractEntityManagerFactoryBean.java:437] Initialized JPA EntityManagerFactory for persistence unit 'default'
2024-01-02 20:34:19,024 WARN [restartedMain] o.s.b.a.o.j.JpaBaseConfiguration$JpaWebConfiguration [JpaBaseConfiguration.java:223] spring.jpa.open-in-view is enabled by default. Therefore, database queries may be performed during view rendering. Explicitly configure spring.jpa.open-in-view to disable this warning
2024-01-02 20:34:19,155 INFO [restartedMain] o.s.s.w.DefaultSecurityFilterChain [DefaultSecurityFilterChain.java:55] Will secure any request with [org.springframework.security.web.session.DisableEncodeUrlFilter@26b590c9, org.springframework.security.web.context.request.async.WebAsyncManagerIntegrationFilter@8de925a, org.springframework.security.web.context.SecurityContextPersistenceFilter@74f9bdb8, org.springframework.security.web.header.HeaderWriterFilter@3829669d, org.springframework.web.filter.CorsFilter@5eac51d4, org.springframework.security.web.csrf.CsrfFilter@57699517, org.springframework.security.web.authentication.logout.LogoutFilter@46794149, org.springframework.security.oauth2.server.resource.web.BearerTokenAuthenticationFilter@138e362, org.springframework.security.web.savedrequest.RequestCacheAwareFilter@2a6e7dc6, org.springframework.security.web.servletapi.SecurityContextHolderAwareRequestFilter@36ef10ba, org.springframework.security.web.authentication.AnonymousAuthenticationFilter@4e3b53d0, org.springframework.security.web.session.SessionManagementFilter@5d4a295e, org.springframework.security.web.access.ExceptionTranslationFilter@1b7ef6cf, org.springframework.security.web.access.intercept.AuthorizationFilter@da3751f]
2024-01-02 20:34:19,228 INFO [restartedMain] o.s.b.d.a.OptionalLiveReloadServer [OptionalLiveReloadServer.java:59] LiveReload server is running on port 35729
2024-01-02 20:34:19,331 INFO [restartedMain] o.a.c.h.Http11NioProtocol [DirectJDKLog.java:173] Starting ProtocolHandler ["http-nio-8080"]
2024-01-02 20:34:19,340 INFO [restartedMain] o.s.b.w.e.t.TomcatWebServer [TomcatWebServer.java:220] Tomcat started on port(s): 8080 (http) with context path ''
2024-01-02 20:34:19,469 INFO [restartedMain] c.w.W.WealthShrimpleApplication [StartupInfoLogger.java:61] Started WealthShrimpleApplication in 3.234 seconds (JVM running for 3.524)
2024-01-02 20:34:32,842 INFO [http-nio-8080-exec-1] o.a.c.c.C.[.[.[/] [DirectJDKLog.java:173] Initializing Spring DispatcherServlet 'dispatcherServlet'
2024-01-02 20:34:32,842 INFO [http-nio-8080-exec-1] o.s.w.s.DispatcherServlet [FrameworkServlet.java:525] Initializing Servlet 'dispatcherServlet'
2024-01-02 20:34:32,844 INFO [http-nio-8080-exec-1] o.s.w.s.DispatcherServlet [FrameworkServlet.java:547] Completed initialization in 2 ms
2024-01-02 20:35:21,793 INFO [http-nio-8080-exec-7] c.w.W.a.LoggingAspect [LoggingAspect.java:17] ****LoggingAspect.logAroundCreateEmployee() : login: Before Method Execution
2024-01-02 20:35:21,894 DEBUG [http-nio-8080-exec-7] o.h.SQL [SqlStatementLogger.java:144] select user0_.user_name as user_nam1_2_, user0_.balance as balance2_2_, user0_.password as password3_2_ from user user0_ where user0_.user_name=?
2024-01-02 20:35:21,959 DEBUG [http-nio-8080-exec-7] o.h.SQL [SqlStatementLogger.java:144] select stockrecor0_.user_name as user_nam5_1_0_, stockrecor0_.id as id1_1_0_, stockrecor0_.id as id1_1_1_, stockrecor0_.price as price2_1_1_, stockrecor0_.quantity as quantity3_1_1_, stockrecor0_.ticker as ticker4_1_1_, stockrecor0_.user_name as user_nam5_1_1_ from stockrecords stockrecor0_ where stockrecor0_.user_name=?
2024-01-02 20:35:22,077 INFO [http-nio-8080-exec-7] c.w.W.a.LoggingAspect [LoggingAspect.java:19] ****LoggingAspect.logAroundCreateEmployee() : login: After Method Execution
2024-01-02 20:35:22,100 DEBUG [http-nio-8080-exec-7] o.h.SQL [SqlStatementLogger.java:144] select datapoints0_.user_name as user_nam4_0_0_, datapoints0_.id as id1_0_0_, datapoints0_.id as id1_0_1_, datapoints0_.amount as amount2_0_1_, datapoints0_.date as date3_0_1_, datapoints0_.user_name as user_nam4_0_1_ from datapoints datapoints0_ where datapoints0_.user_name=?
2024-01-02 20:35:22,194 INFO [http-nio-8080-exec-9] c.w.W.a.LoggingAspect [LoggingAspect.java:17] ****LoggingAspect.logAroundCreateEmployee() : getUser: Before Method Execution
2024-01-02 20:35:22,194 INFO [http-nio-8080-exec-9] c.w.W.c.UserController [UserController.java:116] get user begin...
2024-01-02 20:35:22,195 INFO [http-nio-8080-exec-10] c.w.W.a.LoggingAspect [LoggingAspect.java:17] ****LoggingAspect.logAroundCreateEmployee() : getUser: Before Method Execution
2024-01-02 20:35:22,195 INFO [http-nio-8080-exec-10] c.w.W.c.UserController [UserController.java:116] get user begin...
2024-01-02 20:35:22,234 DEBUG [http-nio-8080-exec-9] o.h.SQL [SqlStatementLogger.java:144] select user0_.user_name as user_nam1_2_, user0_.balance as balance2_2_, user0_.password as password3_2_ from user user0_ where user0_.user_name=?
2024-01-02 20:35:22,269 DEBUG [http-nio-8080-exec-10] o.h.SQL [SqlStatementLogger.java:144] select user0_.user_name as user_nam1_2_, user0_.balance as balance2_2_, user0_.password as password3_2_ from user user0_ where user0_.user_name=?
2024-01-02 20:35:22,269 DEBUG [http-nio-8080-exec-9] o.h.SQL [SqlStatementLogger.java:144] select stockrecor0_.user_name as user_nam5_1_0_, stockrecor0_.id as id1_1_0_, stockrecor0_.id as id1_1_1_, stockrecor0_.price as price2_1_1_, stockrecor0_.quantity as quantity3_1_1_, stockrecor0_.ticker as ticker4_1_1_, stockrecor0_.user_name as user_nam5_1_1_ from stockrecords stockrecor0_ where stockrecor0_.user_name=?
2024-01-02 20:35:22,303 DEBUG [http-nio-8080-exec-10] o.h.SQL [SqlStatementLogger.java:144] select stockrecor0_.user_name as user_nam5_1_0_, stockrecor0_.id as id1_1_0_, stockrecor0_.id as id1_1_1_, stockrecor0_.price as price2_1_1_, stockrecor0_.quantity as quantity3_1_1_, stockrecor0_.ticker as ticker4_1_1_, stockrecor0_.user_name as user_nam5_1_1_ from stockrecords stockrecor0_ where stockrecor0_.user_name=?
2024-01-02 20:35:22,371 INFO [http-nio-8080-exec-9] c.w.W.a.LoggingAspect [LoggingAspect.java:19] ****LoggingAspect.logAroundCreateEmployee() : getUser: After Method Execution
2024-01-02 20:35:22,372 DEBUG [http-nio-8080-exec-9] o.h.SQL [SqlStatementLogger.java:144] select datapoints0_.user_name as user_nam4_0_0_, datapoints0_.id as id1_0_0_, datapoints0_.id as id1_0_1_, datapoints0_.amount as amount2_0_1_, datapoints0_.date as date3_0_1_, datapoints0_.user_name as user_nam4_0_1_ from datapoints datapoints0_ where datapoints0_.user_name=?
2024-01-02 20:35:22,413 INFO [http-nio-8080-exec-10] c.w.W.a.LoggingAspect [LoggingAspect.java:19] ****LoggingAspect.logAroundCreateEmployee() : getUser: After Method Execution
2024-01-02 20:35:22,413 DEBUG [http-nio-8080-exec-10] o.h.SQL [SqlStatementLogger.java:144] select datapoints0_.user_name as user_nam4_0_0_, datapoints0_.id as id1_0_0_, datapoints0_.id as id1_0_1_, datapoints0_.amount as amount2_0_1_, datapoints0_.date as date3_0_1_, datapoints0_.user_name as user_nam4_0_1_ from datapoints datapoints0_ where datapoints0_.user_name=?
2024-01-02 20:36:36,670 INFO [http-nio-8080-exec-4] o.a.t.u.h.p.Cookie [DirectJDKLog.java:173] A cookie header was received [g_state={"i_l":0,"i_t":1704332194628}] that contained an invalid cookie. That cookie will be ignored.
 Note: further occurrences of this error will be logged at DEBUG level.
2024-01-02 20:42:24,262 INFO [http-nio-8080-exec-1] c.w.W.a.LoggingAspect [LoggingAspect.java:17] ****LoggingAspect.logAroundCreateEmployee() : getUser: Before Method Execution
2024-01-02 20:42:24,262 INFO [http-nio-8080-exec-3] c.w.W.a.LoggingAspect [LoggingAspect.java:17] ****LoggingAspect.logAroundCreateEmployee() : getUser: Before Method Execution
2024-01-02 20:42:24,263 INFO [http-nio-8080-exec-1] c.w.W.c.UserController [UserController.java:116] get user begin...
2024-01-02 20:42:24,263 INFO [http-nio-8080-exec-3] c.w.W.c.UserController [UserController.java:116] get user begin...
2024-01-02 20:42:24,339 DEBUG [http-nio-8080-exec-1] o.h.SQL [SqlStatementLogger.java:144] select user0_.user_name as user_nam1_2_, user0_.balance as balance2_2_, user0_.password as password3_2_ from user user0_ where user0_.user_name=?
2024-01-02 20:42:24,339 DEBUG [http-nio-8080-exec-3] o.h.SQL [SqlStatementLogger.java:144] select user0_.user_name as user_nam1_2_, user0_.balance as balance2_2_, user0_.password as password3_2_ from user user0_ where user0_.user_name=?
2024-01-02 20:42:24,374 DEBUG [http-nio-8080-exec-1] o.h.SQL [SqlStatementLogger.java:144] select stockrecor0_.user_name as user_nam5_1_0_, stockrecor0_.id as id1_1_0_, stockrecor0_.id as id1_1_1_, stockrecor0_.price as price2_1_1_, stockrecor0_.quantity as quantity3_1_1_, stockrecor0_.ticker as ticker4_1_1_, stockrecor0_.user_name as user_nam5_1_1_ from stockrecords stockrecor0_ where stockrecor0_.user_name=?
2024-01-02 20:42:24,374 DEBUG [http-nio-8080-exec-3] o.h.SQL [SqlStatementLogger.java:144] select stockrecor0_.user_name as user_nam5_1_0_, stockrecor0_.id as id1_1_0_, stockrecor0_.id as id1_1_1_, stockrecor0_.price as price2_1_1_, stockrecor0_.quantity as quantity3_1_1_, stockrecor0_.ticker as ticker4_1_1_, stockrecor0_.user_name as user_nam5_1_1_ from stockrecords stockrecor0_ where stockrecor0_.user_name=?
2024-01-02 20:42:24,493 INFO [http-nio-8080-exec-3] c.w.W.a.LoggingAspect [LoggingAspect.java:19] ****LoggingAspect.logAroundCreateEmployee() : getUser: After Method Execution
2024-01-02 20:42:24,494 DEBUG [http-nio-8080-exec-3] o.h.SQL [SqlStatementLogger.java:144] select datapoints0_.user_name as user_nam4_0_0_, datapoints0_.id as id1_0_0_, datapoints0_.id as id1_0_1_, datapoints0_.amount as amount2_0_1_, datapoints0_.date as date3_0_1_, datapoints0_.user_name as user_nam4_0_1_ from datapoints datapoints0_ where datapoints0_.user_name=?
2024-01-02 20:42:24,494 INFO [http-nio-8080-exec-1] c.w.W.a.LoggingAspect [LoggingAspect.java:19] ****LoggingAspect.logAroundCreateEmployee() : getUser: After Method Execution
2024-01-02 20:42:24,495 DEBUG [http-nio-8080-exec-1] o.h.SQL [SqlStatementLogger.java:144] select datapoints0_.user_name as user_nam4_0_0_, datapoints0_.id as id1_0_0_, datapoints0_.id as id1_0_1_, datapoints0_.amount as amount2_0_1_, datapoints0_.date as date3_0_1_, datapoints0_.user_name as user_nam4_0_1_ from datapoints datapoints0_ where datapoints0_.user_name=?
2024-01-02 20:46:09,774 INFO [http-nio-8080-exec-5] c.w.W.a.LoggingAspect [LoggingAspect.java:17] ****LoggingAspect.logAroundCreateEmployee() : getUser: Before Method Execution
2024-01-02 20:46:09,774 INFO [http-nio-8080-exec-4] c.w.W.a.LoggingAspect [LoggingAspect.java:17] ****LoggingAspect.logAroundCreateEmployee() : getUser: Before Method Execution
2024-01-02 20:46:09,775 INFO [http-nio-8080-exec-5] c.w.W.c.UserController [UserController.java:116] get user begin...
2024-01-02 20:46:09,775 INFO [http-nio-8080-exec-4] c.w.W.c.UserController [UserController.java:116] get user begin...
2024-01-02 20:46:09,881 DEBUG [http-nio-8080-exec-5] o.h.SQL [SqlStatementLogger.java:144] select user0_.user_name as user_nam1_2_, user0_.balance as balance2_2_, user0_.password as password3_2_ from user user0_ where user0_.user_name=?
2024-01-02 20:46:09,881 DEBUG [http-nio-8080-exec-4] o.h.SQL [SqlStatementLogger.java:144] select user0_.user_name as user_nam1_2_, user0_.balance as balance2_2_, user0_.password as password3_2_ from user user0_ where user0_.user_name=?
2024-01-02 20:46:09,929 DEBUG [http-nio-8080-exec-4] o.h.SQL [SqlStatementLogger.java:144] select stockrecor0_.user_name as user_nam5_1_0_, stockrecor0_.id as id1_1_0_, stockrecor0_.id as id1_1_1_, stockrecor0_.price as price2_1_1_, stockrecor0_.quantity as quantity3_1_1_, stockrecor0_.ticker as ticker4_1_1_, stockrecor0_.user_name as user_nam5_1_1_ from stockrecords stockrecor0_ where stockrecor0_.user_name=?
2024-01-02 20:46:09,929 DEBUG [http-nio-8080-exec-5] o.h.SQL [SqlStatementLogger.java:144] select stockrecor0_.user_name as user_nam5_1_0_, stockrecor0_.id as id1_1_0_, stockrecor0_.id as id1_1_1_, stockrecor0_.price as price2_1_1_, stockrecor0_.quantity as quantity3_1_1_, stockrecor0_.ticker as ticker4_1_1_, stockrecor0_.user_name as user_nam5_1_1_ from stockrecords stockrecor0_ where stockrecor0_.user_name=?
2024-01-02 20:46:10,042 INFO [http-nio-8080-exec-5] c.w.W.a.LoggingAspect [LoggingAspect.java:19] ****LoggingAspect.logAroundCreateEmployee() : getUser: After Method Execution
2024-01-02 20:46:10,053 DEBUG [http-nio-8080-exec-5] o.h.SQL [SqlStatementLogger.java:144] select datapoints0_.user_name as user_nam4_0_0_, datapoints0_.id as id1_0_0_, datapoints0_.id as id1_0_1_, datapoints0_.amount as amount2_0_1_, datapoints0_.date as date3_0_1_, datapoints0_.user_name as user_nam4_0_1_ from datapoints datapoints0_ where datapoints0_.user_name=?
2024-01-02 20:46:10,085 INFO [http-nio-8080-exec-4] c.w.W.a.LoggingAspect [LoggingAspect.java:19] ****LoggingAspect.logAroundCreateEmployee() : getUser: After Method Execution
2024-01-02 20:46:10,093 DEBUG [http-nio-8080-exec-4] o.h.SQL [SqlStatementLogger.java:144] select datapoints0_.user_name as user_nam4_0_0_, datapoints0_.id as id1_0_0_, datapoints0_.id as id1_0_1_, datapoints0_.amount as amount2_0_1_, datapoints0_.date as date3_0_1_, datapoints0_.user_name as user_nam4_0_1_ from datapoints datapoints0_ where datapoints0_.user_name=?
2024-01-02 20:46:12,642 INFO [http-nio-8080-exec-6] c.w.W.a.LoggingAspect [LoggingAspect.java:17] ****LoggingAspect.logAroundCreateEmployee() : getUser: Before Method Execution
2024-01-02 20:46:12,643 INFO [http-nio-8080-exec-6] c.w.W.c.UserController [UserController.java:116] get user begin...
2024-01-02 20:46:12,651 INFO [http-nio-8080-exec-7] c.w.W.a.LoggingAspect [LoggingAspect.java:17] ****LoggingAspect.logAroundCreateEmployee() : getUser: Before Method Execution
2024-01-02 20:46:12,652 INFO [http-nio-8080-exec-7] c.w.W.c.UserController [UserController.java:116] get user begin...
2024-01-02 20:46:12,722 DEBUG [http-nio-8080-exec-7] o.h.SQL [SqlStatementLogger.java:144] select user0_.user_name as user_nam1_2_, user0_.balance as balance2_2_, user0_.password as password3_2_ from user user0_ where user0_.user_name=?
2024-01-02 20:46:12,722 DEBUG [http-nio-8080-exec-6] o.h.SQL [SqlStatementLogger.java:144] select user0_.user_name as user_nam1_2_, user0_.balance as balance2_2_, user0_.password as password3_2_ from user user0_ where user0_.user_name=?
2024-01-02 20:46:12,759 DEBUG [http-nio-8080-exec-6] o.h.SQL [SqlStatementLogger.java:144] select stockrecor0_.user_name as user_nam5_1_0_, stockrecor0_.id as id1_1_0_, stockrecor0_.id as id1_1_1_, stockrecor0_.price as price2_1_1_, stockrecor0_.quantity as quantity3_1_1_, stockrecor0_.ticker as ticker4_1_1_, stockrecor0_.user_name as user_nam5_1_1_ from stockrecords stockrecor0_ where stockrecor0_.user_name=?
2024-01-02 20:46:12,759 DEBUG [http-nio-8080-exec-7] o.h.SQL [SqlStatementLogger.java:144] select stockrecor0_.user_name as user_nam5_1_0_, stockrecor0_.id as id1_1_0_, stockrecor0_.id as id1_1_1_, stockrecor0_.price as price2_1_1_, stockrecor0_.quantity as quantity3_1_1_, stockrecor0_.ticker as ticker4_1_1_, stockrecor0_.user_name as user_nam5_1_1_ from stockrecords stockrecor0_ where stockrecor0_.user_name=?
2024-01-02 20:46:12,892 INFO [http-nio-8080-exec-7] c.w.W.a.LoggingAspect [LoggingAspect.java:19] ****LoggingAspect.logAroundCreateEmployee() : getUser: After Method Execution
2024-01-02 20:46:12,897 DEBUG [http-nio-8080-exec-7] o.h.SQL [SqlStatementLogger.java:144] select datapoints0_.user_name as user_nam4_0_0_, datapoints0_.id as id1_0_0_, datapoints0_.id as id1_0_1_, datapoints0_.amount as amount2_0_1_, datapoints0_.date as date3_0_1_, datapoints0_.user_name as user_nam4_0_1_ from datapoints datapoints0_ where datapoints0_.user_name=?
2024-01-02 20:46:13,141 INFO [http-nio-8080-exec-6] c.w.W.a.LoggingAspect [LoggingAspect.java:19] ****LoggingAspect.logAroundCreateEmployee() : getUser: After Method Execution
2024-01-02 20:46:13,144 DEBUG [http-nio-8080-exec-6] o.h.SQL [SqlStatementLogger.java:144] select datapoints0_.user_name as user_nam4_0_0_, datapoints0_.id as id1_0_0_, datapoints0_.id as id1_0_1_, datapoints0_.amount as amount2_0_1_, datapoints0_.date as date3_0_1_, datapoints0_.user_name as user_nam4_0_1_ from datapoints datapoints0_ where datapoints0_.user_name=?
2024-01-02 20:49:45,642 DEBUG [http-nio-8080-exec-1] o.h.SQL [SqlStatementLogger.java:144] select stockrecor0_.id as id1_1_, stockrecor0_.price as price2_1_, stockrecor0_.quantity as quantity3_1_, stockrecor0_.ticker as ticker4_1_, stockrecor0_.user_name as user_nam5_1_ from stockrecords stockrecor0_
2024-01-02 20:49:45,689 DEBUG [http-nio-8080-exec-1] o.h.SQL [SqlStatementLogger.java:144] select user0_.user_name as user_nam1_2_0_, user0_.balance as balance2_2_0_, user0_.password as password3_2_0_ from user user0_ where user0_.user_name=?
2024-01-02 21:20:37,138 INFO [http-nio-8080-exec-6] o.a.c.h.Http11Processor [DirectJDKLog.java:175] Error parsing HTTP request header
 Note: further occurrences of HTTP request parsing errors will be logged at DEBUG level.
java.lang.IllegalArgumentException: Invalid character found in method name [0x160x030x010x02L0x010x000x02H0x030x03/0x1f0xf9(0xbf090x01L0xeat0xac0xf0g^80x950xec0x080MU0xd8(0xb90x800xefc0x020xc90x1f ]. HTTP method names must be tokens
	at org.apache.coyote.http11.Http11InputBuffer.parseRequestLine(Http11InputBuffer.java:407)
	at org.apache.coyote.http11.Http11Processor.service(Http11Processor.java:263)
	at org.apache.coyote.AbstractProcessorLight.process(AbstractProcessorLight.java:63)
	at org.apache.coyote.AbstractProtocol$ConnectionHandler.process(AbstractProtocol.java:926)
	at org.apache.tomcat.util.net.NioEndpoint$SocketProcessor.doRun(NioEndpoint.java:1791)
	at org.apache.tomcat.util.net.SocketProcessorBase.run(SocketProcessorBase.java:52)
	at org.apache.tomcat.util.threads.ThreadPoolExecutor.runWorker(ThreadPoolExecutor.java:1191)
	at org.apache.tomcat.util.threads.ThreadPoolExecutor$Worker.run(ThreadPoolExecutor.java:659)
	at org.apache.tomcat.util.threads.TaskThread$WrappingRunnable.run(TaskThread.java:61)
	at java.base/java.lang.Thread.run(Thread.java:834)
2024-01-02 21:21:17,650 INFO [http-nio-8080-exec-10] c.w.W.a.LoggingAspect [LoggingAspect.java:17] ****LoggingAspect.logAroundCreateEmployee() : login: Before Method Execution
2024-01-02 21:21:17,737 DEBUG [http-nio-8080-exec-10] o.h.SQL [SqlStatementLogger.java:144] select user0_.user_name as user_nam1_2_, user0_.balance as balance2_2_, user0_.password as password3_2_ from user user0_ where user0_.user_name=?
2024-01-02 21:21:17,778 DEBUG [http-nio-8080-exec-10] o.h.SQL [SqlStatementLogger.java:144] select stockrecor0_.user_name as user_nam5_1_0_, stockrecor0_.id as id1_1_0_, stockrecor0_.id as id1_1_1_, stockrecor0_.price as price2_1_1_, stockrecor0_.quantity as quantity3_1_1_, stockrecor0_.ticker as ticker4_1_1_, stockrecor0_.user_name as user_nam5_1_1_ from stockrecords stockrecor0_ where stockrecor0_.user_name=?
2024-01-02 21:21:17,903 INFO [http-nio-8080-exec-10] c.w.W.a.LoggingAspect [LoggingAspect.java:19] ****LoggingAspect.logAroundCreateEmployee() : login: After Method Execution
2024-01-02 21:21:17,915 DEBUG [http-nio-8080-exec-10] o.h.SQL [SqlStatementLogger.java:144] select datapoints0_.user_name as user_nam4_0_0_, datapoints0_.id as id1_0_0_, datapoints0_.id as id1_0_1_, datapoints0_.amount as amount2_0_1_, datapoints0_.date as date3_0_1_, datapoints0_.user_name as user_nam4_0_1_ from datapoints datapoints0_ where datapoints0_.user_name=?
2024-01-02 21:21:18,044 INFO [http-nio-8080-exec-3] c.w.W.a.LoggingAspect [LoggingAspect.java:17] ****LoggingAspect.logAroundCreateEmployee() : getUser: Before Method Execution
2024-01-02 21:21:18,044 INFO [http-nio-8080-exec-3] c.w.W.c.UserController [UserController.java:116] get user begin...
2024-01-02 21:21:18,045 INFO [http-nio-8080-exec-5] c.w.W.a.LoggingAspect [LoggingAspect.java:17] ****LoggingAspect.logAroundCreateEmployee() : getUser: Before Method Execution
2024-01-02 21:21:18,045 INFO [http-nio-8080-exec-5] c.w.W.c.UserController [UserController.java:116] get user begin...
2024-01-02 21:21:18,107 DEBUG [http-nio-8080-exec-3] o.h.SQL [SqlStatementLogger.java:144] select user0_.user_name as user_nam1_2_, user0_.balance as balance2_2_, user0_.password as password3_2_ from user user0_ where user0_.user_name=?
2024-01-02 21:21:18,165 DEBUG [http-nio-8080-exec-5] o.h.SQL [SqlStatementLogger.java:144] select user0_.user_name as user_nam1_2_, user0_.balance as balance2_2_, user0_.password as password3_2_ from user user0_ where user0_.user_name=?
2024-01-02 21:21:18,174 DEBUG [http-nio-8080-exec-3] o.h.SQL [SqlStatementLogger.java:144] select stockrecor0_.user_name as user_nam5_1_0_, stockrecor0_.id as id1_1_0_, stockrecor0_.id as id1_1_1_, stockrecor0_.price as price2_1_1_, stockrecor0_.quantity as quantity3_1_1_, stockrecor0_.ticker as ticker4_1_1_, stockrecor0_.user_name as user_nam5_1_1_ from stockrecords stockrecor0_ where stockrecor0_.user_name=?
2024-01-02 21:21:18,212 DEBUG [http-nio-8080-exec-5] o.h.SQL [SqlStatementLogger.java:144] select stockrecor0_.user_name as user_nam5_1_0_, stockrecor0_.id as id1_1_0_, stockrecor0_.id as id1_1_1_, stockrecor0_.price as price2_1_1_, stockrecor0_.quantity as quantity3_1_1_, stockrecor0_.ticker as ticker4_1_1_, stockrecor0_.user_name as user_nam5_1_1_ from stockrecords stockrecor0_ where stockrecor0_.user_name=?
2024-01-02 21:21:18,289 INFO [http-nio-8080-exec-3] c.w.W.a.LoggingAspect [LoggingAspect.java:19] ****LoggingAspect.logAroundCreateEmployee() : getUser: After Method Execution
2024-01-02 21:21:18,298 DEBUG [http-nio-8080-exec-3] o.h.SQL [SqlStatementLogger.java:144] select datapoints0_.user_name as user_nam4_0_0_, datapoints0_.id as id1_0_0_, datapoints0_.id as id1_0_1_, datapoints0_.amount as amount2_0_1_, datapoints0_.date as date3_0_1_, datapoints0_.user_name as user_nam4_0_1_ from datapoints datapoints0_ where datapoints0_.user_name=?
2024-01-02 21:21:18,322 INFO [http-nio-8080-exec-5] c.w.W.a.LoggingAspect [LoggingAspect.java:19] ****LoggingAspect.logAroundCreateEmployee() : getUser: After Method Execution
2024-01-02 21:21:18,323 DEBUG [http-nio-8080-exec-5] o.h.SQL [SqlStatementLogger.java:144] select datapoints0_.user_name as user_nam4_0_0_, datapoints0_.id as id1_0_0_, datapoints0_.id as id1_0_1_, datapoints0_.amount as amount2_0_1_, datapoints0_.date as date3_0_1_, datapoints0_.user_name as user_nam4_0_1_ from datapoints datapoints0_ where datapoints0_.user_name=?
2024-01-02 21:21:23,815 INFO [http-nio-8080-exec-4] c.w.W.a.LoggingAspect [LoggingAspect.java:17] ****LoggingAspect.logAroundCreateEmployee() : login: Before Method Execution
2024-01-02 21:21:23,888 DEBUG [http-nio-8080-exec-4] o.h.SQL [SqlStatementLogger.java:144] select user0_.user_name as user_nam1_2_, user0_.balance as balance2_2_, user0_.password as password3_2_ from user user0_ where user0_.user_name=?
2024-01-02 21:21:23,929 DEBUG [http-nio-8080-exec-4] o.h.SQL [SqlStatementLogger.java:144] select stockrecor0_.user_name as user_nam5_1_0_, stockrecor0_.id as id1_1_0_, stockrecor0_.id as id1_1_1_, stockrecor0_.price as price2_1_1_, stockrecor0_.quantity as quantity3_1_1_, stockrecor0_.ticker as ticker4_1_1_, stockrecor0_.user_name as user_nam5_1_1_ from stockrecords stockrecor0_ where stockrecor0_.user_name=?
2024-01-02 21:21:24,074 INFO [http-nio-8080-exec-4] c.w.W.a.LoggingAspect [LoggingAspect.java:19] ****LoggingAspect.logAroundCreateEmployee() : login: After Method Execution
2024-01-02 21:21:24,084 DEBUG [http-nio-8080-exec-4] o.h.SQL [SqlStatementLogger.java:144] select datapoints0_.user_name as user_nam4_0_0_, datapoints0_.id as id1_0_0_, datapoints0_.id as id1_0_1_, datapoints0_.amount as amount2_0_1_, datapoints0_.date as date3_0_1_, datapoints0_.user_name as user_nam4_0_1_ from datapoints datapoints0_ where datapoints0_.user_name=?
2024-01-02 21:21:24,153 INFO [http-nio-8080-exec-8] c.w.W.a.LoggingAspect [LoggingAspect.java:17] ****LoggingAspect.logAroundCreateEmployee() : getUser: Before Method Execution
2024-01-02 21:21:24,154 INFO [http-nio-8080-exec-8] c.w.W.c.UserController [UserController.java:116] get user begin...
2024-01-02 21:21:24,192 DEBUG [http-nio-8080-exec-8] o.h.SQL [SqlStatementLogger.java:144] select user0_.user_name as user_nam1_2_, user0_.balance as balance2_2_, user0_.password as password3_2_ from user user0_ where user0_.user_name=?
2024-01-02 21:21:24,232 DEBUG [http-nio-8080-exec-8] o.h.SQL [SqlStatementLogger.java:144] select stockrecor0_.user_name as user_nam5_1_0_, stockrecor0_.id as id1_1_0_, stockrecor0_.id as id1_1_1_, stockrecor0_.price as price2_1_1_, stockrecor0_.quantity as quantity3_1_1_, stockrecor0_.ticker as ticker4_1_1_, stockrecor0_.user_name as user_nam5_1_1_ from stockrecords stockrecor0_ where stockrecor0_.user_name=?
2024-01-02 21:21:24,360 INFO [http-nio-8080-exec-8] c.w.W.a.LoggingAspect [LoggingAspect.java:19] ****LoggingAspect.logAroundCreateEmployee() : getUser: After Method Execution
2024-01-02 21:21:24,367 DEBUG [http-nio-8080-exec-8] o.h.SQL [SqlStatementLogger.java:144] select datapoints0_.user_name as user_nam4_0_0_, datapoints0_.id as id1_0_0_, datapoints0_.id as id1_0_1_, datapoints0_.amount as amount2_0_1_, datapoints0_.date as date3_0_1_, datapoints0_.user_name as user_nam4_0_1_ from datapoints datapoints0_ where datapoints0_.user_name=?
2024-01-02 21:21:24,431 INFO [http-nio-8080-exec-8] c.w.W.a.LoggingAspect [LoggingAspect.java:17] ****LoggingAspect.logAroundCreateEmployee() : getUser: Before Method Execution
2024-01-02 21:21:24,432 INFO [http-nio-8080-exec-8] c.w.W.c.UserController [UserController.java:116] get user begin...
2024-01-02 21:21:24,468 DEBUG [http-nio-8080-exec-8] o.h.SQL [SqlStatementLogger.java:144] select user0_.user_name as user_nam1_2_, user0_.balance as balance2_2_, user0_.password as password3_2_ from user user0_ where user0_.user_name=?
2024-01-02 21:21:24,503 DEBUG [http-nio-8080-exec-8] o.h.SQL [SqlStatementLogger.java:144] select stockrecor0_.user_name as user_nam5_1_0_, stockrecor0_.id as id1_1_0_, stockrecor0_.id as id1_1_1_, stockrecor0_.price as price2_1_1_, stockrecor0_.quantity as quantity3_1_1_, stockrecor0_.ticker as ticker4_1_1_, stockrecor0_.user_name as user_nam5_1_1_ from stockrecords stockrecor0_ where stockrecor0_.user_name=?
2024-01-02 21:21:24,617 INFO [http-nio-8080-exec-8] c.w.W.a.LoggingAspect [LoggingAspect.java:19] ****LoggingAspect.logAroundCreateEmployee() : getUser: After Method Execution
2024-01-02 21:21:24,622 DEBUG [http-nio-8080-exec-8] o.h.SQL [SqlStatementLogger.java:144] select datapoints0_.user_name as user_nam4_0_0_, datapoints0_.id as id1_0_0_, datapoints0_.id as id1_0_1_, datapoints0_.amount as amount2_0_1_, datapoints0_.date as date3_0_1_, datapoints0_.user_name as user_nam4_0_1_ from datapoints datapoints0_ where datapoints0_.user_name=?
2024-01-02 21:21:52,867 INFO [http-nio-8080-exec-1] c.w.W.a.LoggingAspect [LoggingAspect.java:17] ****LoggingAspect.logAroundCreateEmployee() : getUser: Before Method Execution
2024-01-02 21:21:52,868 INFO [http-nio-8080-exec-1] c.w.W.c.UserController [UserController.java:116] get user begin...
2024-01-02 21:21:52,939 DEBUG [http-nio-8080-exec-1] o.h.SQL [SqlStatementLogger.java:144] select user0_.user_name as user_nam1_2_, user0_.balance as balance2_2_, user0_.password as password3_2_ from user user0_ where user0_.user_name=?
2024-01-02 21:21:52,977 DEBUG [http-nio-8080-exec-1] o.h.SQL [SqlStatementLogger.java:144] select stockrecor0_.user_name as user_nam5_1_0_, stockrecor0_.id as id1_1_0_, stockrecor0_.id as id1_1_1_, stockrecor0_.price as price2_1_1_, stockrecor0_.quantity as quantity3_1_1_, stockrecor0_.ticker as ticker4_1_1_, stockrecor0_.user_name as user_nam5_1_1_ from stockrecords stockrecor0_ where stockrecor0_.user_name=?
2024-01-02 21:21:53,086 INFO [http-nio-8080-exec-1] c.w.W.a.LoggingAspect [LoggingAspect.java:19] ****LoggingAspect.logAroundCreateEmployee() : getUser: After Method Execution
2024-01-02 21:21:53,093 DEBUG [http-nio-8080-exec-1] o.h.SQL [SqlStatementLogger.java:144] select datapoints0_.user_name as user_nam4_0_0_, datapoints0_.id as id1_0_0_, datapoints0_.id as id1_0_1_, datapoints0_.amount as amount2_0_1_, datapoints0_.date as date3_0_1_, datapoints0_.user_name as user_nam4_0_1_ from datapoints datapoints0_ where datapoints0_.user_name=?
2024-01-02 21:21:53,142 INFO [http-nio-8080-exec-1] c.w.W.a.LoggingAspect [LoggingAspect.java:17] ****LoggingAspect.logAroundCreateEmployee() : getUser: Before Method Execution
2024-01-02 21:21:53,144 INFO [http-nio-8080-exec-1] c.w.W.c.UserController [UserController.java:116] get user begin...
2024-01-02 21:21:53,198 DEBUG [http-nio-8080-exec-1] o.h.SQL [SqlStatementLogger.java:144] select user0_.user_name as user_nam1_2_, user0_.balance as balance2_2_, user0_.password as password3_2_ from user user0_ where user0_.user_name=?
2024-01-02 21:21:53,236 DEBUG [http-nio-8080-exec-1] o.h.SQL [SqlStatementLogger.java:144] select stockrecor0_.user_name as user_nam5_1_0_, stockrecor0_.id as id1_1_0_, stockrecor0_.id as id1_1_1_, stockrecor0_.price as price2_1_1_, stockrecor0_.quantity as quantity3_1_1_, stockrecor0_.ticker as ticker4_1_1_, stockrecor0_.user_name as user_nam5_1_1_ from stockrecords stockrecor0_ where stockrecor0_.user_name=?
2024-01-02 21:21:53,373 INFO [http-nio-8080-exec-1] c.w.W.a.LoggingAspect [LoggingAspect.java:19] ****LoggingAspect.logAroundCreateEmployee() : getUser: After Method Execution
2024-01-02 21:21:53,381 DEBUG [http-nio-8080-exec-1] o.h.SQL [SqlStatementLogger.java:144] select datapoints0_.user_name as user_nam4_0_0_, datapoints0_.id as id1_0_0_, datapoints0_.id as id1_0_1_, datapoints0_.amount as amount2_0_1_, datapoints0_.date as date3_0_1_, datapoints0_.user_name as user_nam4_0_1_ from datapoints datapoints0_ where datapoints0_.user_name=?
2024-01-02 23:52:51,806 WARN [HikariPool-1 housekeeper] c.z.h.p.HikariPool [HikariPool.java:788] HikariPool-1 - Thread starvation or clock leap detected (housekeeper delta=23m31s881ms).
2024-01-02 23:59:19,072 WARN [HikariPool-1 housekeeper] c.z.h.p.HikariPool [HikariPool.java:788] HikariPool-1 - Thread starvation or clock leap detected (housekeeper delta=5m47s882ms).
2024-01-03 00:08:32,762 WARN [HikariPool-1 housekeeper] c.z.h.p.HikariPool [HikariPool.java:788] HikariPool-1 - Thread starvation or clock leap detected (housekeeper delta=8m43s677ms).
2024-01-03 00:30:01,345 WARN [HikariPool-1 housekeeper] c.z.h.p.HikariPool [HikariPool.java:788] HikariPool-1 - Thread starvation or clock leap detected (housekeeper delta=8m28s399ms).
2024-01-03 00:47:00,388 WARN [HikariPool-1 housekeeper] c.z.h.p.HikariPool [HikariPool.java:788] HikariPool-1 - Thread starvation or clock leap detected (housekeeper delta=16m29s44ms).
2024-01-03 01:04:46,703 WARN [HikariPool-1 housekeeper] c.z.h.p.HikariPool [HikariPool.java:788] HikariPool-1 - Thread starvation or clock leap detected (housekeeper delta=16m16s294ms).
2024-01-03 01:21:01,718 WARN [HikariPool-1 housekeeper] c.z.h.p.HikariPool [HikariPool.java:788] HikariPool-1 - Thread starvation or clock leap detected (housekeeper delta=15m45s5ms).
2024-01-03 01:22:54,061 WARN [HikariPool-1 housekeeper] c.z.h.p.HikariPool [HikariPool.java:788] HikariPool-1 - Thread starvation or clock leap detected (housekeeper delta=1m52s343ms).
2024-01-03 01:30:48,084 WARN [HikariPool-1 housekeeper] c.z.h.p.HikariPool [HikariPool.java:788] HikariPool-1 - Thread starvation or clock leap detected (housekeeper delta=5m23s979ms).
2024-01-03 01:52:34,037 WARN [HikariPool-1 housekeeper] c.z.h.p.HikariPool [HikariPool.java:788] HikariPool-1 - Thread starvation or clock leap detected (housekeeper delta=16m15s872ms).
2024-01-03 02:53:40,124 WARN [HikariPool-1 housekeeper] c.z.h.p.HikariPool [HikariPool.java:788] HikariPool-1 - Thread starvation or clock leap detected (housekeeper delta=1m35s284ms).
2024-01-03 04:09:36,746 WARN [HikariPool-1 housekeeper] c.z.h.p.HikariPool [HikariPool.java:788] HikariPool-1 - Thread starvation or clock leap detected (housekeeper delta=15m55s823ms).
2024-01-03 04:28:26,172 WARN [HikariPool-1 housekeeper] c.z.h.p.HikariPool [HikariPool.java:788] HikariPool-1 - Thread starvation or clock leap detected (housekeeper delta=17m19s424ms).
2024-01-03 04:45:00,481 WARN [HikariPool-1 housekeeper] c.z.h.p.HikariPool [HikariPool.java:788] HikariPool-1 - Thread starvation or clock leap detected (housekeeper delta=16m4s292ms).
2024-01-03 05:04:16,623 WARN [HikariPool-1 housekeeper] c.z.h.p.HikariPool [HikariPool.java:788] HikariPool-1 - Thread starvation or clock leap detected (housekeeper delta=16m46s90ms).
2024-01-03 05:20:24,515 WARN [HikariPool-1 housekeeper] c.z.h.p.HikariPool [HikariPool.java:788] HikariPool-1 - Thread starvation or clock leap detected (housekeeper delta=15m37s882ms).
2024-01-03 05:37:37,330 WARN [HikariPool-1 housekeeper] c.z.h.p.HikariPool [HikariPool.java:788] HikariPool-1 - Thread starvation or clock leap detected (housekeeper delta=15m42s790ms).
2024-01-03 05:57:13,774 WARN [HikariPool-1 housekeeper] c.z.h.p.HikariPool [HikariPool.java:788] HikariPool-1 - Thread starvation or clock leap detected (housekeeper delta=15m36s393ms).
2024-01-03 06:15:10,844 WARN [HikariPool-1 housekeeper] c.z.h.p.HikariPool [HikariPool.java:788] HikariPool-1 - Thread starvation or clock leap detected (housekeeper delta=16m27s49ms).
2024-01-03 06:35:59,603 WARN [HikariPool-1 housekeeper] c.z.h.p.HikariPool [HikariPool.java:788] HikariPool-1 - Thread starvation or clock leap detected (housekeeper delta=16m48s710ms).
2024-01-03 06:51:46,246 WARN [HikariPool-1 housekeeper] c.z.h.p.HikariPool [HikariPool.java:788] HikariPool-1 - Thread starvation or clock leap detected (housekeeper delta=14m16s615ms).
2024-01-03 07:06:39,015 WARN [HikariPool-1 housekeeper] c.z.h.p.HikariPool [HikariPool.java:788] HikariPool-1 - Thread starvation or clock leap detected (housekeeper delta=13m22s735ms).
2024-01-03 07:23:15,323 WARN [HikariPool-1 housekeeper] c.z.h.p.HikariPool [HikariPool.java:788] HikariPool-1 - Thread starvation or clock leap detected (housekeeper delta=14m36s285ms).
2024-01-03 07:41:02,180 WARN [HikariPool-1 housekeeper] c.z.h.p.HikariPool [HikariPool.java:788] HikariPool-1 - Thread starvation or clock leap detected (housekeeper delta=16m16s833ms).
2024-01-03 07:59:29,910 WARN [HikariPool-1 housekeeper] c.z.h.p.HikariPool [HikariPool.java:788] HikariPool-1 - Thread starvation or clock leap detected (housekeeper delta=16m27s686ms).
2024-01-03 08:18:48,832 WARN [HikariPool-1 housekeeper] c.z.h.p.HikariPool [HikariPool.java:788] HikariPool-1 - Thread starvation or clock leap detected (housekeeper delta=17m48s894ms).
2024-01-03 08:36:17,524 WARN [HikariPool-1 housekeeper] c.z.h.p.HikariPool [HikariPool.java:788] HikariPool-1 - Thread starvation or clock leap detected (housekeeper delta=15m28s668ms).
2024-01-03 08:52:47,839 WARN [HikariPool-1 housekeeper] c.z.h.p.HikariPool [HikariPool.java:788] HikariPool-1 - Thread starvation or clock leap detected (housekeeper delta=15m283ms).
2024-01-03 09:10:16,530 WARN [HikariPool-1 housekeeper] c.z.h.p.HikariPool [HikariPool.java:788] HikariPool-1 - Thread starvation or clock leap detected (housekeeper delta=15m28s678ms).
2024-01-03 09:27:15,072 WARN [HikariPool-1 housekeeper] c.z.h.p.HikariPool [HikariPool.java:788] HikariPool-1 - Thread starvation or clock leap detected (housekeeper delta=15m28s520ms).
2024-01-03 09:46:13,231 WARN [HikariPool-1 housekeeper] c.z.h.p.HikariPool [HikariPool.java:788] HikariPool-1 - Thread starvation or clock leap detected (housekeeper delta=17m28s141ms).
2024-01-03 09:53:54,007 WARN [HikariPool-1 housekeeper] c.z.h.p.HikariPool [HikariPool.java:788] HikariPool-1 - Thread starvation or clock leap detected (housekeeper delta=5m40s777ms).
2024-01-03 10:11:14,053 WARN [HikariPool-1 housekeeper] c.z.h.p.HikariPool [HikariPool.java:788] HikariPool-1 - Thread starvation or clock leap detected (housekeeper delta=15m50s18ms).
2024-01-03 10:29:51,065 WARN [HikariPool-1 housekeeper] c.z.h.p.HikariPool [HikariPool.java:788] HikariPool-1 - Thread starvation or clock leap detected (housekeeper delta=16m36s968ms).
2024-01-03 10:49:26,306 WARN [HikariPool-1 housekeeper] c.z.h.p.HikariPool [HikariPool.java:788] HikariPool-1 - Thread starvation or clock leap detected (housekeeper delta=16m5s183ms).
2024-01-03 10:54:59,967 WARN [HikariPool-1 housekeeper] c.z.h.p.HikariPool [HikariPool.java:788] HikariPool-1 - Thread starvation or clock leap detected (housekeeper delta=3m33s627ms).
2024-01-03 11:12:00,895 WARN [HikariPool-1 housekeeper] c.z.h.p.HikariPool [HikariPool.java:788] HikariPool-1 - Thread starvation or clock leap detected (housekeeper delta=15m30s901ms).
2024-01-03 11:30:22,806 WARN [HikariPool-1 housekeeper] c.z.h.p.HikariPool [HikariPool.java:788] HikariPool-1 - Thread starvation or clock leap detected (housekeeper delta=16m51s889ms).
2024-01-03 11:49:48,701 WARN [HikariPool-1 housekeeper] c.z.h.p.HikariPool [HikariPool.java:788] HikariPool-1 - Thread starvation or clock leap detected (housekeeper delta=17m25s881ms).
2024-01-03 11:55:39,679 WARN [HikariPool-1 housekeeper] c.z.h.p.HikariPool [HikariPool.java:788] HikariPool-1 - Thread starvation or clock leap detected (housekeeper delta=4m20s950ms).
2024-01-03 12:00:52,985 WARN [HikariPool-1 housekeeper] c.z.h.p.HikariPool [HikariPool.java:788] HikariPool-1 - Thread starvation or clock leap detected (housekeeper delta=3m13s281ms).
2024-01-03 12:18:05,799 WARN [HikariPool-1 housekeeper] c.z.h.p.HikariPool [HikariPool.java:788] HikariPool-1 - Thread starvation or clock leap detected (housekeeper delta=15m42s793ms).
2024-01-03 12:37:30,743 WARN [HikariPool-1 housekeeper] c.z.h.p.HikariPool [HikariPool.java:788] HikariPool-1 - Thread starvation or clock leap detected (housekeeper delta=17m54s930ms).
2024-01-03 12:41:50,696 WARN [HikariPool-1 housekeeper] c.z.h.p.HikariPool [HikariPool.java:788] HikariPool-1 - Thread starvation or clock leap detected (housekeeper delta=2m19s927ms).
2024-01-03 12:45:08,750 WARN [HikariPool-1 housekeeper] c.z.h.p.HikariPool [HikariPool.java:788] HikariPool-1 - Thread starvation or clock leap detected (housekeeper delta=1m48s30ms).
2024-01-03 12:54:39,209 WARN [HikariPool-1 housekeeper] c.z.h.p.HikariPool [HikariPool.java:788] HikariPool-1 - Thread starvation or clock leap detected (housekeeper delta=2m41s250ms).
2024-01-03 13:12:15,108 WARN [HikariPool-1 housekeeper] c.z.h.p.HikariPool [HikariPool.java:788] HikariPool-1 - Thread starvation or clock leap detected (housekeeper delta=16m5s870ms).
2024-01-03 13:21:28,700 WARN [HikariPool-1 housekeeper] c.z.h.p.HikariPool [HikariPool.java:788] HikariPool-1 - Thread starvation or clock leap detected (housekeeper delta=7m13s551ms).
2024-01-03 14:49:14,612 INFO [SpringApplicationShutdownHook] o.s.o.j.LocalContainerEntityManagerFactoryBean [AbstractEntityManagerFactoryBean.java:651] Closing JPA EntityManagerFactory for persistence unit 'default'
2024-01-03 14:49:14,618 INFO [SpringApplicationShutdownHook] c.z.h.HikariDataSource [HikariDataSource.java:350] HikariPool-1 - Shutdown initiated...
2024-01-03 14:49:14,977 INFO [SpringApplicationShutdownHook] c.z.h.HikariDataSource [HikariDataSource.java:352] HikariPool-1 - Shutdown completed.
2024-01-03 22:23:19,532 INFO [main] o.s.b.t.c.SpringBootTestContextBootstrapper [AbstractTestContextBootstrapper.java:305] Neither @ContextConfiguration nor @ContextHierarchy found for test class [com.wealthshrimple.WealthShrimple.WealthShrimpleApplicationTests], using SpringBootContextLoader
2024-01-03 22:23:19,553 INFO [main] o.s.t.c.s.AbstractContextLoader [AbstractContextLoader.java:264] Could not detect default resource locations for test class [com.wealthshrimple.WealthShrimple.WealthShrimpleApplicationTests]: no resource found for suffixes {-context.xml, Context.groovy}.
2024-01-03 22:23:19,555 INFO [main] o.s.t.c.s.AnnotationConfigContextLoaderUtils [AnnotationConfigContextLoaderUtils.java:83] Could not detect default configuration classes for test class [com.wealthshrimple.WealthShrimple.WealthShrimpleApplicationTests]: WealthShrimpleApplicationTests does not declare any static, non-private, non-final, nested classes annotated with @Configuration.
2024-01-03 22:23:19,744 INFO [main] o.s.b.t.c.SpringBootTestContextBootstrapper [SpringBootTestContextBootstrapper.java:239] Found @SpringBootConfiguration com.wealthshrimple.WealthShrimple.WealthShrimpleApplication for test class com.wealthshrimple.WealthShrimple.WealthShrimpleApplicationTests
2024-01-03 22:23:20,069 INFO [main] o.s.b.t.c.SpringBootTestContextBootstrapper [AbstractTestContextBootstrapper.java:245] Loaded default TestExecutionListener class names from location [META-INF/spring.factories]: [org.springframework.boot.test.mock.mockito.MockitoTestExecutionListener, org.springframework.boot.test.mock.mockito.ResetMocksTestExecutionListener, org.springframework.boot.test.autoconfigure.restdocs.RestDocsTestExecutionListener, org.springframework.boot.test.autoconfigure.web.client.MockRestServiceServerResetTestExecutionListener, org.springframework.boot.test.autoconfigure.web.servlet.MockMvcPrintOnlyOnFailureTestExecutionListener, org.springframework.boot.test.autoconfigure.web.servlet.WebDriverTestExecutionListener, org.springframework.boot.test.autoconfigure.webservices.client.MockWebServiceServerTestExecutionListener, org.springframework.test.context.web.ServletTestExecutionListener, org.springframework.test.context.support.DirtiesContextBeforeModesTestExecutionListener, org.springframework.test.context.event.ApplicationEventsTestExecutionListener, org.springframework.test.context.support.DependencyInjectionTestExecutionListener, org.springframework.test.context.support.DirtiesContextTestExecutionListener, org.springframework.test.context.transaction.TransactionalTestExecutionListener, org.springframework.test.context.jdbc.SqlScriptsTestExecutionListener, org.springframework.test.context.event.EventPublishingTestExecutionListener]
2024-01-03 22:23:20,181 INFO [main] o.s.b.t.c.SpringBootTestContextBootstrapper [AbstractTestContextBootstrapper.java:174] Using TestExecutionListeners: [org.springframework.test.context.web.ServletTestExecutionListener@1a1da881, org.springframework.test.context.support.DirtiesContextBeforeModesTestExecutionListener@5b970f7, org.springframework.test.context.event.ApplicationEventsTestExecutionListener@7fd4acee, org.springframework.boot.test.mock.mockito.MockitoTestExecutionListener@165b8a71, org.springframework.boot.test.autoconfigure.SpringBootDependencyInjectionTestExecutionListener@6175619b, org.springframework.test.context.support.DirtiesContextTestExecutionListener@2f058b8a, org.springframework.test.context.transaction.TransactionalTestExecutionListener@756cf158, org.springframework.test.context.jdbc.SqlScriptsTestExecutionListener@3f2ef586, org.springframework.test.context.event.EventPublishingTestExecutionListener@751d3241, org.springframework.boot.test.mock.mockito.ResetMocksTestExecutionListener@76c7beb3, org.springframework.boot.test.autoconfigure.restdocs.RestDocsTestExecutionListener@64337702, org.springframework.boot.test.autoconfigure.web.client.MockRestServiceServerResetTestExecutionListener@2cf92cc7, org.springframework.boot.test.autoconfigure.web.servlet.MockMvcPrintOnlyOnFailureTestExecutionListener@30ea8c23, org.springframework.boot.test.autoconfigure.web.servlet.WebDriverTestExecutionListener@7b139eab, org.springframework.boot.test.autoconfigure.webservices.client.MockWebServiceServerTestExecutionListener@4e76dac]
2024-01-03 22:23:20,942 INFO [main] c.w.W.WealthShrimpleApplicationTests [StartupInfoLogger.java:55] Starting WealthShrimpleApplicationTests using Java 11.0.14.1 on codespaces-43de94 with PID 3885 (started by codespace in /workspaces/wealthshrimple-backend)
2024-01-03 22:23:20,944 INFO [main] c.w.W.WealthShrimpleApplicationTests [SpringApplication.java:631] No active profile set, falling back to 1 default profile: "default"
2024-01-03 22:23:21,020 INFO [background-preinit] o.h.v.i.u.Version [Version.java:21] HV000001: Hibernate Validator 6.2.5.Final
2024-01-03 22:23:23,154 INFO [main] o.s.d.r.c.RepositoryConfigurationDelegate [RepositoryConfigurationDelegate.java:132] Bootstrapping Spring Data JPA repositories in DEFAULT mode.
2024-01-03 22:23:23,239 INFO [main] o.s.d.r.c.RepositoryConfigurationDelegate [RepositoryConfigurationDelegate.java:201] Finished Spring Data repository scanning in 73 ms. Found 3 JPA repository interfaces.
2024-01-03 22:23:24,569 INFO [main] c.z.h.HikariDataSource [HikariDataSource.java:110] HikariPool-1 - Starting...
2024-01-03 22:23:25,408 INFO [main] c.z.h.HikariDataSource [HikariDataSource.java:123] HikariPool-1 - Start completed.
2024-01-03 22:23:25,496 INFO [main] o.h.j.i.u.LogHelper [LogHelper.java:31] HHH000204: Processing PersistenceUnitInfo [name: default]
2024-01-03 22:23:25,568 INFO [main] o.h.Version [Version.java:44] HHH000412: Hibernate ORM core version 5.6.15.Final
2024-01-03 22:23:25,832 INFO [main] o.h.a.c.Version [JavaReflectionManager.java:56] HCANN000001: Hibernate Commons Annotations {5.1.2.Final}
2024-01-03 22:23:26,040 INFO [main] o.h.d.Dialect [Dialect.java:175] HHH000400: Using dialect: org.hibernate.dialect.MySQL8Dialect
2024-01-03 22:23:27,453 INFO [main] o.h.e.t.j.p.i.JtaPlatformInitiator [JtaPlatformInitiator.java:52] HHH000490: Using JtaPlatform implementation: [org.hibernate.engine.transaction.jta.platform.internal.NoJtaPlatform]
2024-01-03 22:23:27,472 INFO [main] o.s.o.j.LocalContainerEntityManagerFactoryBean [AbstractEntityManagerFactoryBean.java:437] Initialized JPA EntityManagerFactory for persistence unit 'default'
2024-01-03 22:23:29,309 WARN [main] o.s.b.a.o.j.JpaBaseConfiguration$JpaWebConfiguration [JpaBaseConfiguration.java:223] spring.jpa.open-in-view is enabled by default. Therefore, database queries may be performed during view rendering. Explicitly configure spring.jpa.open-in-view to disable this warning
2024-01-03 22:23:30,261 INFO [main] o.s.s.w.DefaultSecurityFilterChain [DefaultSecurityFilterChain.java:55] Will secure any request with [org.springframework.security.web.session.DisableEncodeUrlFilter@4f66f2dd, org.springframework.security.web.context.request.async.WebAsyncManagerIntegrationFilter@33ac7934, org.springframework.security.web.context.SecurityContextPersistenceFilter@175377d3, org.springframework.security.web.header.HeaderWriterFilter@79bb14d8, org.springframework.web.filter.CorsFilter@74474fc0, org.springframework.security.web.csrf.CsrfFilter@6d21a69f, org.springframework.security.web.authentication.logout.LogoutFilter@c8e99, org.springframework.security.oauth2.server.resource.web.BearerTokenAuthenticationFilter@184e5c44, org.springframework.security.web.savedrequest.RequestCacheAwareFilter@44a972b4, org.springframework.security.web.servletapi.SecurityContextHolderAwareRequestFilter@5529fd4e, org.springframework.security.web.authentication.AnonymousAuthenticationFilter@152bb4cc, org.springframework.security.web.session.SessionManagementFilter@4cd13fad, org.springframework.security.web.access.ExceptionTranslationFilter@6cb1da13, org.springframework.security.web.access.intercept.AuthorizationFilter@598f6c93]
2024-01-03 22:23:32,433 INFO [main] c.w.W.WealthShrimpleApplicationTests [StartupInfoLogger.java:61] Started WealthShrimpleApplicationTests in 12.17 seconds (JVM running for 14.801)
2024-01-03 22:23:32,932 INFO [SpringApplicationShutdownHook] o.s.o.j.LocalContainerEntityManagerFactoryBean [AbstractEntityManagerFactoryBean.java:651] Closing JPA EntityManagerFactory for persistence unit 'default'
2024-01-03 22:23:32,937 INFO [SpringApplicationShutdownHook] c.z.h.HikariDataSource [HikariDataSource.java:350] HikariPool-1 - Shutdown initiated...
2024-01-03 22:23:33,075 INFO [SpringApplicationShutdownHook] c.z.h.HikariDataSource [HikariDataSource.java:352] HikariPool-1 - Shutdown completed.
